C51 COMPILER V9.60.7.0   KEY                                                               06/23/2024 13:29:33 PAGE 1   


C51 COMPILER V9.60.7.0, COMPILATION OF MODULE KEY
OBJECT MODULE PLACED IN .\Objects\key.obj
COMPILER INVOKED BY: C:\Keil_v5\C51\BIN\C51.EXE App\key.c OPTIMIZE(8,SPEED) BROWSE INCDIR(.\Public;.\App) DEBUG OBJECTEX
                    -TEND PRINT(.\Listings\key.lst) OBJECT(.\Objects\key.obj)

line level    source

   1          #include "key.h"
   2          
   3          u8 key_scan(u8 mode)
   4          {
   5   1              static u8 key=1;
   6   1              if(mode)key=1;//连续扫描按键
   7   1              if(key==1&&(KEY1==0||KEY2==0||KEY3==0||KEY4==0))//任意按键按下
   8   1              {
   9   2                      delay_10us(1000);//消抖
  10   2                      key=0;
  11   2                      if(KEY1==0)
  12   2                              return KEY1_PRESS;
  13   2                      else if(KEY2==0)
  14   2                              return KEY2_PRESS;
  15   2                      else if(KEY3==0)
  16   2                              return KEY3_PRESS;
  17   2                      else if(KEY4==0)
  18   2                              return KEY4_PRESS;      
  19   2              }
  20   1              else if(KEY1==1&&KEY2==1&&KEY3==1&&KEY4==1)     //无按键按下
  21   1              {
  22   2                      key=1;                  
  23   2              }
  24   1              return KEY_UNPRESS;             
  25   1      }


MODULE INFORMATION:   STATIC OVERLAYABLE
   CODE SIZE        =     76    ----
   CONSTANT SIZE    =   ----    ----
   XDATA SIZE       =   ----    ----
   PDATA SIZE       =   ----    ----
   DATA SIZE        =      1    ----
   IDATA SIZE       =   ----    ----
   BIT SIZE         =   ----    ----
END OF MODULE INFORMATION.


C51 COMPILATION COMPLETE.  0 WARNING(S),  0 ERROR(S)
