C51 COMPILER V9.60.7.0   MAIN                                                              05/31/2024 19:20:14 PAGE 1   


C51 COMPILER V9.60.7.0, COMPILATION OF MODULE MAIN
OBJECT MODULE PLACED IN .\Objects\main.obj
COMPILER INVOKED BY: C:\Keil_v5\C51\BIN\C51.EXE User\main.c OPTIMIZE(8,SPEED) BROWSE INCDIR(.\Public;.\App) DEBUG OBJECT
                    -EXTEND PRINT(.\Listings\main.lst) OBJECT(.\Objects\main.obj)

line level    source

   1          #include "smg.h"
   2          #include "public.h"
   3          
   4          u8 times[8] = {0,0,0,0,0,0,0,0};        //用于存储时间的值
   5          static key_value = 0;                   //保存按键按下的次数
   6          
   7          void time_0_set(){                      //定时器0设置
   8   1          EA = 1;
   9   1          ET0 = 1;
  10   1          TMOD |= 0x01;
  11   1          TH0 = 0xFC;
  12   1          TL0 = 0x66;
  13   1      }
  14          
  15          void init_set(){                        //外部中断0设置
  16   1          EX0 = 1;
  17   1          EX1 = 1;
  18   1          IT0 = 1;
  19   1          IT1 = 1;
  20   1      }
  21          
  22          /*void time_change(){                    //时间进位
  23              if(times[7] == 10){
  24                  times[6]++;
  25                  times[7] = 0;
  26                  if(times[6] == 10){
  27                      times[5]++;
  28                      times[6] = 0;
  29                      if(times[5] == 10){
  30                          times[4]++;
  31                          times[5] = 0;
  32                          if(times[4] == 6){
  33                              times[3]++;
  34                              times[4] = 0;
  35                              if(times[3] == 10){
  36                                  times[2]++;
  37                                  times[3] = 0;
  38                                  if(times[2] == 6){
  39                                      times[1]++;
  40                                      times[2] = 0;
  41                                      if(times[1] == 10){
  42                                          times[0]++;
  43                                          times[1] = 0;
  44                                      }
  45                                  }
  46                              }
  47                          }
  48                      }
  49                  }
  50              }
  51          }*/
  52          
  53          void time_change(){                      //时间进位
  54   1          u8 i;
C51 COMPILER V9.60.7.0   MAIN                                                              05/31/2024 19:20:14 PAGE 2   

  55   1          for(i=7;i>0;i--){
  56   2              if(i==2 || i==4 ){
  57   3                  if(times[i] == 6){
  58   4                      times[i-1]++;
  59   4                      times[i] = 0;
  60   4                  }
  61   3              }
  62   2              else{
  63   3                  if(times[i] == 10){
  64   4                      times[i-1]++;
  65   4                      times[i] = 0;
  66   4                  }
  67   3              }
  68   2          }
  69   1      }
  70          
  71          void main(){
  72   1          init_set();
  73   1          time_0_set();
  74   1          while(1){
  75   2              smg(times);
  76   2          }
  77   1      }
  78          
  79          void time() interrupt 1{
  80   1          static u16 i = 0;   
  81   1          TH0 = 0xFC;
  82   1          TL0 = 0x66;
  83   1          i++;
  84   1          if(i == 10){
  85   2              times[7]++;
  86   2              time_change();
  87   2              i = 0;
  88   2          }
  89   1          TF0 = 0;
  90   1          TR0 = 1;
  91   1      }
  92          
  93          void key() interrupt 0{
  94   1          delay_10us(1000);
  95   1          if(P3^2 == 0){
  96   2              if(key_value == 0){
  97   3                  TF0 = 0;
  98   3                  TR0 = 1;
  99   3                  key_value++;
 100   3                  IE0 = 0;
 101   3              }
 102   2              else if (key_value == 1)
 103   2              {
 104   3                  TF0 = 0;
 105   3                  TR0 = 0;
 106   3                  key_value++;
 107   3                  IE0 = 0;
 108   3              }
 109   2              else if(key_value == 2){
 110   3                  u8 j;
 111   3                  for(j=0;j<8;j++){
 112   4                      times[j] = 0;
 113   4                      TF0 = 0;
 114   4                  }
 115   3                  key_value = 0;
 116   3                  IE0 = 0;
C51 COMPILER V9.60.7.0   MAIN                                                              05/31/2024 19:20:14 PAGE 3   

 117   3              }
 118   2          }
 119   1      }


MODULE INFORMATION:   STATIC OVERLAYABLE
   CODE SIZE        =    285    ----
   CONSTANT SIZE    =   ----    ----
   XDATA SIZE       =   ----    ----
   PDATA SIZE       =   ----    ----
   DATA SIZE        =     12       1
   IDATA SIZE       =   ----    ----
   BIT SIZE         =   ----    ----
END OF MODULE INFORMATION.


C51 COMPILATION COMPLETE.  0 WARNING(S),  0 ERROR(S)
