C51 COMPILER V9.60.7.0   PUBLIC                                                            05/31/2024 19:20:14 PAGE 1   


C51 COMPILER V9.60.7.0, COMPILATION OF MODULE PUBLIC
OBJECT MODULE PLACED IN .\Objects\public.obj
COMPILER INVOKED BY: C:\Keil_v5\C51\BIN\C51.EXE Public\public.c OPTIMIZE(8,SPEED) BROWSE INCDIR(.\Public;.\App) DEBUG OB
                    -JECTEXTEND PRINT(.\Listings\public.lst) OBJECT(.\Objects\public.obj)

line level    source

   1          #include "public.h"
   2          
   3          void delay_10us(u16 ten_us){
   4   1              while(ten_us--);        
   5   1      }
   6          
   7          void delay_ms(u16 ms){
   8   1              u16 i,j;
   9   1              for(i=ms;i>0;i--)
  10   1                      for(j=110;j>0;j--);
  11   1      }


MODULE INFORMATION:   STATIC OVERLAYABLE
   CODE SIZE        =     41    ----
   CONSTANT SIZE    =   ----    ----
   XDATA SIZE       =   ----    ----
   PDATA SIZE       =   ----    ----
   DATA SIZE        =   ----    ----
   IDATA SIZE       =   ----    ----
   BIT SIZE         =   ----    ----
END OF MODULE INFORMATION.


C51 COMPILATION COMPLETE.  0 WARNING(S),  0 ERROR(S)
