C51 COMPILER V9.60.7.0   KEY                                                               06/23/2024 20:18:36 PAGE 1   


C51 COMPILER V9.60.7.0, COMPILATION OF MODULE KEY
OBJECT MODULE PLACED IN .\Objects\key.obj
COMPILER INVOKED BY: C:\Keil_v5\C51\BIN\C51.EXE App\key.c OPTIMIZE(8,SPEED) BROWSE INCDIR(.\Public;.\App) DEBUG OBJECTEX
                    -TEND PRINT(.\Listings\key.lst) OBJECT(.\Objects\key.obj)

line level    source

   1          #include "key.h"
   2          #include "beep.h"
   3          
   4          u8 key_scan(){
   5   1              u8 key;
   6   1              if(KEY1==0||KEY2==0||KEY3==0||KEY4==0){//任意按键按下
   7   2                      delay_10us(100);//消抖
   8   2                      if(KEY1==0||KEY2==0||KEY3==0||KEY4==0){
   9   3                              if(KEY1==0)
  10   3                                      key = KEY1_PRESS;
  11   3                              else if(KEY2==0)
  12   3                                      key = KEY2_PRESS;
  13   3                              else if(KEY3==0)
  14   3                                      key = KEY3_PRESS;
  15   3                              else if(KEY4==0)
  16   3                                      key = KEY4_PRESS;
  17   3                              beep(200);
  18   3                      }
  19   2                      while(KEY1==0||KEY2==0||KEY3==0||KEY4==0);
  20   2              }
  21   1              else if(KEY1==1&&KEY2==1&&KEY3==1&&KEY4==1)     
  22   1                      key = KEY_UNPRESS;//无按键按下
  23   1              return key;
  24   1      }


MODULE INFORMATION:   STATIC OVERLAYABLE
   CODE SIZE        =     98    ----
   CONSTANT SIZE    =   ----    ----
   XDATA SIZE       =   ----    ----
   PDATA SIZE       =   ----    ----
   DATA SIZE        =   ----       1
   IDATA SIZE       =   ----    ----
   BIT SIZE         =   ----    ----
END OF MODULE INFORMATION.


C51 COMPILATION COMPLETE.  0 WARNING(S),  0 ERROR(S)
