C51 COMPILER V9.60.7.0   SMG                                                               06/25/2024 21:28:38 PAGE 1   


C51 COMPILER V9.60.7.0, COMPILATION OF MODULE SMG
OBJECT MODULE PLACED IN .\Objects\smg.obj
COMPILER INVOKED BY: C:\Keil_v5\C51\BIN\C51.EXE App\smg.c OPTIMIZE(8,SPEED) BROWSE INCDIR(.\Public;.\App) DEBUG OBJECTEX
                    -TEND PRINT(.\Listings\smg.lst) OBJECT(.\Objects\smg.obj)

line level    source

   1          #include "smg.h"
   2          
   3          //共阴极数码管段码
   4          u8 gsmg_code[17]={0x3f,0x06,0x5b,0x4f,0x66,0x6d,0x7d,0x07,
   5                                          0x7f,0x6f,0x77,0x7c,0x39,0x5e,0x79,0x71};
   6          
   7          u8 gsmg_code_dot[10] = {0xbf,0x86,0xdb,0xcf,0xe6,0xed,0xfd,0x87,
   8                                          0xff,0xef};
   9          
  10          void smg(u8 dat[])
  11          {
  12   1              u8 i;
  13   1              for(i=0;i<8;i++)
  14   1              {
  15   2                      switch(i)//位选
  16   2                      {
  17   3                              case 0: LSC=1;LSB=1;LSA=1;break;
  18   3                              case 1: LSC=1;LSB=1;LSA=0;break;
  19   3                              case 2: LSC=1;LSB=0;LSA=1;break;
  20   3                              case 3: LSC=1;LSB=0;LSA=0;break;
  21   3                              case 4: LSC=0;LSB=1;LSA=1;break;
  22   3                              case 5: LSC=0;LSB=1;LSA=0;break;
  23   3                              case 6: LSC=0;LSB=0;LSA=1;break;
  24   3                              case 7: LSC=0;LSB=0;LSA=0;break;
  25   3                      }
  26   2                      if(i==1||i==3||i==5){
  27   3                              SMG_A_DP_PORT=gsmg_code_dot[dat[i]];//传送段选数据
  28   3                      }
  29   2                      else{
  30   3                              SMG_A_DP_PORT=gsmg_code[dat[i]];//传送段选数据
  31   3                      }
  32   2                      delay_10us(100);//延时一段时间，等待显示稳定
  33   2                      SMG_A_DP_PORT=0x00;//消音
  34   2              }
  35   1      }


MODULE INFORMATION:   STATIC OVERLAYABLE
   CODE SIZE        =    173    ----
   CONSTANT SIZE    =   ----    ----
   XDATA SIZE       =   ----    ----
   PDATA SIZE       =   ----    ----
   DATA SIZE        =     27       4
   IDATA SIZE       =   ----    ----
   BIT SIZE         =   ----    ----
END OF MODULE INFORMATION.


C51 COMPILATION COMPLETE.  0 WARNING(S),  0 ERROR(S)
